  Window.cpp
  TableMenu.cpp
d:\полина\доки\универ\ооп2\oop2\lab5\ui\tablemenu.cpp(7): warning C4018: <: несоответствие типов со знаком и без знака
d:\полина\доки\универ\ооп2\oop2\lab5\ui\tablemenu.cpp(33): warning C4018: <: несоответствие типов со знаком и без знака
d:\полина\доки\универ\ооп2\oop2\lab5\ui\tablemenu.cpp(34): warning C4018: <: несоответствие типов со знаком и без знака
d:\полина\доки\универ\ооп2\oop2\lab5\ui\tablemenu.cpp(35): warning C4018: <=: несоответствие типов со знаком и без знака
d:\полина\доки\универ\ооп2\oop2\lab5\ui\tablemenu.cpp(46): warning C4018: <: несоответствие типов со знаком и без знака
d:\полина\доки\универ\ооп2\oop2\lab5\ui\tablemenu.cpp(64): warning C4018: <: несоответствие типов со знаком и без знака
d:\полина\доки\универ\ооп2\oop2\lab5\ui\tablemenu.cpp(65): warning C4018: <: несоответствие типов со знаком и без знака
d:\полина\доки\универ\ооп2\oop2\lab5\ui\tablemenu.cpp(70): warning C4018: <: несоответствие типов со знаком и без знака
  MessageMenu.cpp
d:\полина\доки\универ\ооп2\oop2\lab5\ui\messagemenu.cpp(21): warning C4018: <: несоответствие типов со знаком и без знака
d:\полина\доки\универ\ооп2\oop2\lab5\ui\messagemenu.cpp(42): warning C4018: <: несоответствие типов со знаком и без знака
d:\полина\доки\универ\ооп2\oop2\lab5\ui\messagemenu.cpp(46): warning C4018: >: несоответствие типов со знаком и без знака
  Menu.cpp
d:\полина\доки\универ\ооп2\oop2\lab5\ui\menu.cpp(70): warning C4244: =: преобразование "wchar_t" в "char", возможна потеря данных
d:\полина\доки\универ\ооп2\oop2\lab5\ui\menu.cpp(76): warning C4800: BOOL: принудительно задано логическое значение "true" или "false" (предупреждение о производительности)
d:\полина\доки\универ\ооп2\oop2\lab5\ui\menu.cpp(103): warning C4018: <: несоответствие типов со знаком и без знака
d:\полина\доки\универ\ооп2\oop2\lab5\ui\menu.cpp(118): warning C4838: преобразование из "double" в "LONG" требует сужающего преобразования
d:\полина\доки\универ\ооп2\oop2\lab5\ui\menu.cpp(118): warning C4244: инициализация: преобразование "double" в "LONG", возможна потеря данных
d:\полина\доки\универ\ооп2\oop2\lab5\ui\menu.cpp(119): warning C4018: <: несоответствие типов со знаком и без знака
d:\полина\доки\универ\ооп2\oop2\lab5\ui\menu.cpp(127): warning C4018: <: несоответствие типов со знаком и без знака
d:\полина\доки\универ\ооп2\oop2\lab5\ui\menu.cpp(151): warning C4018: <: несоответствие типов со знаком и без знака
d:\полина\доки\универ\ооп2\oop2\lab5\ui\menu.cpp(157): warning C4018: <: несоответствие типов со знаком и без знака
d:\полина\доки\универ\ооп2\oop2\lab5\ui\menu.cpp(185): warning C4018: <: несоответствие типов со знаком и без знака
d:\полина\доки\универ\ооп2\oop2\lab5\ui\menu.cpp(206): warning C4018: <: несоответствие типов со знаком и без знака
d:\полина\доки\универ\ооп2\oop2\lab5\ui\menu.cpp(221): warning C4018: <: несоответствие типов со знаком и без знака
  Label.cpp
  InputMenu.cpp
d:\полина\доки\универ\ооп2\oop2\lab5\ui\inputmenu.cpp(7): warning C4018: <: несоответствие типов со знаком и без знака
d:\полина\доки\универ\ооп2\oop2\lab5\ui\inputmenu.cpp(21): warning C4018: <: несоответствие типов со знаком и без знака
d:\полина\доки\универ\ооп2\oop2\lab5\ui\inputmenu.cpp(77): warning C4838: преобразование из "double" в "LONG" требует сужающего преобразования
d:\полина\доки\универ\ооп2\oop2\lab5\ui\inputmenu.cpp(77): warning C4244: инициализация: преобразование "double" в "LONG", возможна потеря данных
d:\полина\доки\универ\ооп2\oop2\lab5\ui\inputmenu.cpp(78): warning C4018: <: несоответствие типов со знаком и без знака
d:\полина\доки\универ\ооп2\oop2\lab5\ui\inputmenu.cpp(103): warning C4018: <: несоответствие типов со знаком и без знака
d:\полина\доки\универ\ооп2\oop2\lab5\ui\inputmenu.cpp(127): warning C4018: <: несоответствие типов со знаком и без знака
d:\полина\доки\универ\ооп2\oop2\lab5\ui\inputmenu.cpp(157): warning C4018: <: несоответствие типов со знаком и без знака
d:\полина\доки\универ\ооп2\oop2\lab5\ui\inputmenu.cpp(188): warning C4018: <: несоответствие типов со знаком и без знака
d:\полина\доки\универ\ооп2\oop2\lab5\ui\inputmenu.cpp(258): warning C4018: <: несоответствие типов со знаком и без знака
d:\полина\доки\универ\ооп2\oop2\lab5\ui\inputmenu.cpp(281): warning C4018: <: несоответствие типов со знаком и без знака
d:\полина\доки\универ\ооп2\oop2\lab5\ui\inputmenu.cpp(329): warning C4018: <: несоответствие типов со знаком и без знака
d:\полина\доки\универ\ооп2\oop2\lab5\ui\inputmenu.cpp(367): warning C4018: <: несоответствие типов со знаком и без знака
d:\полина\доки\универ\ооп2\oop2\lab5\ui\inputmenu.cpp(379): warning C4018: <: несоответствие типов со знаком и без знака
d:\полина\доки\универ\ооп2\oop2\lab5\ui\inputmenu.cpp(419): warning C4018: <: несоответствие типов со знаком и без знака
d:\полина\доки\универ\ооп2\oop2\lab5\ui\inputmenu.cpp(461): warning C4018: <: несоответствие типов со знаком и без знака
  Edit.cpp
d:\полина\доки\универ\ооп2\oop2\lab5\ui\edit.cpp(37): warning C4018: <: несоответствие типов со знаком и без знака
d:\полина\доки\универ\ооп2\oop2\lab5\ui\edit.cpp(45): warning C4018: <: несоответствие типов со знаком и без знака
d:\полина\доки\универ\ооп2\oop2\lab5\ui\edit.cpp(108): warning C4018: >: несоответствие типов со знаком и без знака
  Date.cpp
  Control.cpp
  ComboBox.cpp
d:\полина\доки\универ\ооп2\oop2\lab5\ui\combobox.cpp(115): warning C4244: аргумент: преобразование "double" в "int", возможна потеря данных
d:\полина\доки\универ\ооп2\oop2\lab5\ui\combobox.cpp(116): warning C4244: аргумент: преобразование "double" в "int", возможна потеря данных
d:\полина\доки\универ\ооп2\oop2\lab5\ui\combobox.cpp(117): warning C4244: аргумент: преобразование "double" в "int", возможна потеря данных
  Button.cpp
  TableOutput.cpp
  Specialist.cpp
  Source.cpp
  Project.cpp
  Person.cpp
  ITCompany.cpp
  Employee.cpp
d:\полина\доки\универ\ооп2\oop2\lab5\employee.cpp(232): warning C4244: аргумент: преобразование "double" в "Gdiplus::REAL", возможна потеря данных
d:\полина\доки\универ\ооп2\oop2\lab5\employee.cpp(233): warning C4244: аргумент: преобразование "double" в "Gdiplus::REAL", возможна потеря данных
d:\полина\доки\универ\ооп2\oop2\lab5\employee.cpp(234): warning C4244: аргумент: преобразование "double" в "Gdiplus::REAL", возможна потеря данных
d:\полина\доки\универ\ооп2\oop2\lab5\employee.cpp(235): warning C4244: аргумент: преобразование "double" в "Gdiplus::REAL", возможна потеря данных
d:\полина\доки\универ\ооп2\oop2\lab5\employee.cpp(236): warning C4244: аргумент: преобразование "double" в "Gdiplus::REAL", возможна потеря данных
d:\полина\доки\универ\ооп2\oop2\lab5\employee.cpp(237): warning C4244: аргумент: преобразование "double" в "Gdiplus::REAL", возможна потеря данных
  CompletedProject.cpp
  Application.cpp
  Создание кода...
  Lab5.vcxproj -> D:\Полина\доки\универ\ооп2\OOP2\Debug\Lab5.exe
  Lab5.vcxproj -> D:\Полина\доки\универ\ооп2\OOP2\Debug\Lab5.pdb (Full PDB)
